0 verbose cli /Users/kumi/.nvm/versions/node/v25.0.0/bin/node /Users/kumi/.nvm/versions/node/v25.0.0/bin/npm
1 info using npm@11.6.2
2 info using node@v25.0.0
3 silly config load:file:/Users/kumi/.nvm/versions/node/v25.0.0/lib/node_modules/npm/npmrc
4 silly config load:file:/Users/kumi/Documents/portforio/.npmrc
5 silly config load:file:/Users/kumi/.npmrc
6 silly config load:file:/Users/kumi/.nvm/versions/node/v25.0.0/etc/npmrc
7 verbose title npm run dev --host 127.0.0.1 --port 5173
8 verbose argv "run" "dev" "--" "--host" "127.0.0.1" "--port" "5173"
9 verbose logfile logs-max:10 dir:/Users/kumi/Documents/portforio/.npm-cache/_logs/2026-03-01T12_02_15_398Z-
10 verbose logfile /Users/kumi/Documents/portforio/.npm-cache/_logs/2026-03-01T12_02_15_398Z-debug-0.log
11 silly logfile done cleaning log files
12 http fetch GET 200 https://registry.npmjs.org/npm 689ms
13 verbose cwd /Users/kumi/Documents/portforio
14 verbose os Darwin 25.2.0
15 verbose node v25.0.0
16 verbose npm  v11.6.2
17 notice
17 notice New minor version of npm available! 11.6.2 -> 11.11.0
17 notice Changelog: https://github.com/npm/cli/releases/tag/v11.11.0
17 notice To update run: npm install -g npm@11.11.0
17 notice  { force: true, Symbol(proc-log.meta): true }
18 verbose exit 143
19 verbose code 143
